#-----------------------------------------------------------
# Vivado v2018.3 (64-bit)
# SW Build 2405991 on Thu Dec  6 23:38:27 MST 2018
# IP Build 2404404 on Fri Dec  7 01:43:56 MST 2018
# Start of session at: Fri Mar 12 07:35:13 2021
# Process ID: 11716
# Current directory: C:/Users/jabid/Documents/Universidad/Tarea/pwm
# Command line: vivado.exe -gui_launcher_event rodinguilauncherevent5908 C:\Users\jabid\Documents\Universidad\Tarea\pwm\pwm.xpr
# Log file: C:/Users/jabid/Documents/Universidad/Tarea/pwm/vivado.log
# Journal file: C:/Users/jabid/Documents/Universidad/Tarea/pwm\vivado.jou
#-----------------------------------------------------------
start_gui
open_project C:/Users/jabid/Documents/Universidad/Tarea/pwm/pwm.xpr
Scanning sources...
Finished scanning sources
INFO: [IP_Flow 19-234] Refreshing IP repositories
INFO: [IP_Flow 19-1704] No user IP repositories specified
INFO: [IP_Flow 19-2313] Loaded Vivado IP repository 'C:/Xilinx/Vivado/2018.3/data/ip'.
open_project: Time (s): cpu = 00:00:21 ; elapsed = 00:00:13 . Memory (MB): peak = 736.730 ; gain = 129.766
update_compile_order -fileset sources_1
launch_simulation
INFO: [Vivado 12-5682] Launching behavioral simulation in 'C:/Users/jabid/Documents/Universidad/Tarea/pwm/pwm.sim/sim_1/behav/xsim'
INFO: [SIM-utils-51] Simulation object is 'sim_1'
INFO: [SIM-utils-54] Inspecting design source files for 'TB' in fileset 'sim_1'...
INFO: [USF-XSim-97] Finding global include files...
INFO: [USF-XSim-98] Fetching design files from 'sim_1'...
INFO: [USF-XSim-2] XSim::Compile design
INFO: [USF-XSim-61] Executing 'COMPILE and ANALYZE' step in 'C:/Users/jabid/Documents/Universidad/Tarea/pwm/pwm.sim/sim_1/behav/xsim'
"xvhdl --incr --relax -prj TB_vhdl.prj"
INFO: [VRFC 10-163] Analyzing VHDL file "C:/Users/jabid/Documents/Universidad/Tarea/pwm/pwm.srcs/sources_1/new/cont.vhd" into library xil_defaultlib
INFO: [VRFC 10-3107] analyzing entity 'Cont'
INFO: [USF-XSim-69] 'compile' step finished in '4' seconds
INFO: [USF-XSim-3] XSim::Elaborate design
INFO: [USF-XSim-61] Executing 'ELABORATE' step in 'C:/Users/jabid/Documents/Universidad/Tarea/pwm/pwm.sim/sim_1/behav/xsim'
Vivado Simulator 2018.3
Copyright 1986-1999, 2001-2018 Xilinx, Inc. All Rights Reserved.
Running: C:/Xilinx/Vivado/2018.3/bin/unwrapped/win64.o/xelab.exe -wto 9877b16bb17040c381389188c2f00c5b --incr --debug typical --relax --mt 2 -L xil_defaultlib -L secureip --snapshot TB_behav xil_defaultlib.TB -log elaborate.log 
Using 2 slave threads.
Starting static elaboration
ERROR: [VRFC 10-3290] entity port 'q' does not match with type std_logic of component port [C:/Users/jabid/Documents/Universidad/Tarea/pwm/pwm.srcs/sources_1/new/main.vhd:47]
ERROR: [VRFC 10-664] expression has 9 elements ; expected 8 [C:/Users/jabid/Documents/Universidad/Tarea/pwm/pwm.srcs/sources_1/new/main.vhd:47]
ERROR: [XSIM 43-3321] Static elaboration of top level VHDL design unit tb in library work failed.
INFO: [USF-XSim-69] 'elaborate' step finished in '2' seconds
INFO: [USF-XSim-99] Step results log file:'C:/Users/jabid/Documents/Universidad/Tarea/pwm/pwm.sim/sim_1/behav/xsim/elaborate.log'
ERROR: [USF-XSim-62] 'elaborate' step failed with error(s). Please check the Tcl console output or 'C:/Users/jabid/Documents/Universidad/Tarea/pwm/pwm.sim/sim_1/behav/xsim/elaborate.log' file for more information.
ERROR: [Vivado 12-4473] Detected error while running simulation. Please correct the issue and retry this operation.
launch_simulation: Time (s): cpu = 00:00:03 ; elapsed = 00:00:09 . Memory (MB): peak = 793.887 ; gain = 0.000
ERROR: [Common 17-39] 'launch_simulation' failed due to earlier errors.
launch_simulation
INFO: [Vivado 12-5682] Launching behavioral simulation in 'C:/Users/jabid/Documents/Universidad/Tarea/pwm/pwm.sim/sim_1/behav/xsim'
INFO: [SIM-utils-51] Simulation object is 'sim_1'
INFO: [SIM-utils-54] Inspecting design source files for 'TB' in fileset 'sim_1'...
INFO: [USF-XSim-97] Finding global include files...
INFO: [USF-XSim-98] Fetching design files from 'sim_1'...
INFO: [USF-XSim-2] XSim::Compile design
INFO: [USF-XSim-61] Executing 'COMPILE and ANALYZE' step in 'C:/Users/jabid/Documents/Universidad/Tarea/pwm/pwm.sim/sim_1/behav/xsim'
"xvhdl --incr --relax -prj TB_vhdl.prj"
INFO: [VRFC 10-163] Analyzing VHDL file "C:/Users/jabid/Documents/Universidad/Tarea/pwm/pwm.srcs/sources_1/new/main.vhd" into library xil_defaultlib
INFO: [VRFC 10-3107] analyzing entity 'main'
INFO: [USF-XSim-69] 'compile' step finished in '2' seconds
INFO: [USF-XSim-3] XSim::Elaborate design
INFO: [USF-XSim-61] Executing 'ELABORATE' step in 'C:/Users/jabid/Documents/Universidad/Tarea/pwm/pwm.sim/sim_1/behav/xsim'
Vivado Simulator 2018.3
Copyright 1986-1999, 2001-2018 Xilinx, Inc. All Rights Reserved.
Running: C:/Xilinx/Vivado/2018.3/bin/unwrapped/win64.o/xelab.exe -wto 9877b16bb17040c381389188c2f00c5b --incr --debug typical --relax --mt 2 -L xil_defaultlib -L secureip --snapshot TB_behav xil_defaultlib.TB -log elaborate.log 
Using 2 slave threads.
Starting static elaboration
ERROR: [VRFC 10-3290] entity port 'pwm_out' does not match with type std_logic of component port [C:/Users/jabid/Documents/Universidad/Tarea/pwm/pwm.srcs/sim_1/new/TB.vhd:43]
ERROR: [VRFC 10-664] expression has 9 elements ; expected 8 [C:/Users/jabid/Documents/Universidad/Tarea/pwm/pwm.srcs/sim_1/new/TB.vhd:43]
ERROR: [XSIM 43-3321] Static elaboration of top level VHDL design unit tb in library work failed.
INFO: [USF-XSim-69] 'elaborate' step finished in '2' seconds
INFO: [USF-XSim-99] Step results log file:'C:/Users/jabid/Documents/Universidad/Tarea/pwm/pwm.sim/sim_1/behav/xsim/elaborate.log'
ERROR: [USF-XSim-62] 'elaborate' step failed with error(s). Please check the Tcl console output or 'C:/Users/jabid/Documents/Universidad/Tarea/pwm/pwm.sim/sim_1/behav/xsim/elaborate.log' file for more information.
ERROR: [Vivado 12-4473] Detected error while running simulation. Please correct the issue and retry this operation.
ERROR: [Common 17-39] 'launch_simulation' failed due to earlier errors.
launch_simulation
INFO: [Vivado 12-5682] Launching behavioral simulation in 'C:/Users/jabid/Documents/Universidad/Tarea/pwm/pwm.sim/sim_1/behav/xsim'
INFO: [SIM-utils-51] Simulation object is 'sim_1'
INFO: [SIM-utils-54] Inspecting design source files for 'TB' in fileset 'sim_1'...
INFO: [USF-XSim-97] Finding global include files...
INFO: [USF-XSim-98] Fetching design files from 'sim_1'...
INFO: [USF-XSim-2] XSim::Compile design
INFO: [USF-XSim-61] Executing 'COMPILE and ANALYZE' step in 'C:/Users/jabid/Documents/Universidad/Tarea/pwm/pwm.sim/sim_1/behav/xsim'
"xvhdl --incr --relax -prj TB_vhdl.prj"
INFO: [VRFC 10-163] Analyzing VHDL file "C:/Users/jabid/Documents/Universidad/Tarea/pwm/pwm.srcs/sim_1/new/TB.vhd" into library xil_defaultlib
INFO: [VRFC 10-3107] analyzing entity 'TB'
INFO: [USF-XSim-69] 'compile' step finished in '2' seconds
INFO: [USF-XSim-3] XSim::Elaborate design
INFO: [USF-XSim-61] Executing 'ELABORATE' step in 'C:/Users/jabid/Documents/Universidad/Tarea/pwm/pwm.sim/sim_1/behav/xsim'
Vivado Simulator 2018.3
Copyright 1986-1999, 2001-2018 Xilinx, Inc. All Rights Reserved.
Running: C:/Xilinx/Vivado/2018.3/bin/unwrapped/win64.o/xelab.exe -wto 9877b16bb17040c381389188c2f00c5b --incr --debug typical --relax --mt 2 -L xil_defaultlib -L secureip --snapshot TB_behav xil_defaultlib.TB -log elaborate.log 
Using 2 slave threads.
Starting static elaboration
Completed static elaboration
Starting simulation data flow analysis
Completed simulation data flow analysis
Time Resolution for simulation is 1ps
Compiling package std.standard
Compiling package std.textio
Compiling package ieee.std_logic_1164
Compiling package ieee.numeric_std
Compiling architecture behavioral of entity xil_defaultlib.Cont [cont_default]
Compiling architecture behavioral of entity xil_defaultlib.Div_1M [div_1m_default]
Compiling architecture behavioral of entity xil_defaultlib.main [main_default]
Compiling architecture behavioral of entity xil_defaultlib.tb
Built simulation snapshot TB_behav
run_program: Time (s): cpu = 00:00:00 ; elapsed = 00:00:06 . Memory (MB): peak = 812.844 ; gain = 0.000
INFO: [USF-XSim-69] 'elaborate' step finished in '6' seconds
INFO: [USF-XSim-4] XSim::Simulate design
INFO: [USF-XSim-61] Executing 'SIMULATE' step in 'C:/Users/jabid/Documents/Universidad/Tarea/pwm/pwm.sim/sim_1/behav/xsim'
INFO: [USF-XSim-98] *** Running xsim
   with args "TB_behav -key {Behavioral:sim_1:Functional:TB} -tclbatch {TB.tcl} -log {simulate.log}"
INFO: [USF-XSim-8] Loading simulator feature
Vivado Simulator 2018.3
Time resolution is 1 ps
source TB.tcl
# set curr_wave [current_wave_config]
# if { [string length $curr_wave] == 0 } {
#   if { [llength [get_objects]] > 0} {
#     add_wave /
#     set_property needs_save false [current_wave_config]
#   } else {
#      send_msg_id Add_Wave-1 WARNING "No top level signals found. Simulator will start without a wave window. If you want to open a wave window go to 'File->New Waveform Configuration' or type 'create_wave_config' in the TCL console."
#   }
# }
# run 1000ns
xsim: Time (s): cpu = 00:00:08 ; elapsed = 00:00:06 . Memory (MB): peak = 814.871 ; gain = 2.027
INFO: [USF-XSim-96] XSim completed. Design snapshot 'TB_behav' loaded.
INFO: [USF-XSim-97] XSim simulation ran for 1000ns
launch_simulation: Time (s): cpu = 00:00:08 ; elapsed = 00:00:15 . Memory (MB): peak = 814.871 ; gain = 2.027
current_wave_config {Untitled 1}
Untitled 1
add_wave {{/TB/UTT/contador/Q}} 
relaunch_sim
INFO: [Vivado 12-5682] Launching behavioral simulation in 'C:/Users/jabid/Documents/Universidad/Tarea/pwm/pwm.sim/sim_1/behav/xsim'
INFO: [SIM-utils-51] Simulation object is 'sim_1'
INFO: [SIM-utils-54] Inspecting design source files for 'TB' in fileset 'sim_1'...
INFO: [USF-XSim-97] Finding global include files...
INFO: [USF-XSim-98] Fetching design files from 'sim_1'...
INFO: [USF-XSim-2] XSim::Compile design
INFO: [USF-XSim-61] Executing 'COMPILE and ANALYZE' step in 'C:/Users/jabid/Documents/Universidad/Tarea/pwm/pwm.sim/sim_1/behav/xsim'
"xvhdl --incr --relax -prj TB_vhdl.prj"
INFO: [USF-XSim-69] 'compile' step finished in '1' seconds
INFO: [Vivado 12-5682] Launching behavioral simulation in 'C:/Users/jabid/Documents/Universidad/Tarea/pwm/pwm.sim/sim_1/behav/xsim'
INFO: [USF-XSim-3] XSim::Elaborate design
INFO: [USF-XSim-61] Executing 'ELABORATE' step in 'C:/Users/jabid/Documents/Universidad/Tarea/pwm/pwm.sim/sim_1/behav/xsim'
Vivado Simulator 2018.3
Copyright 1986-1999, 2001-2018 Xilinx, Inc. All Rights Reserved.
Running: C:/Xilinx/Vivado/2018.3/bin/unwrapped/win64.o/xelab.exe -wto 9877b16bb17040c381389188c2f00c5b --incr --debug typical --relax --mt 2 -L xil_defaultlib -L secureip --snapshot TB_behav xil_defaultlib.TB -log elaborate.log 
Using 2 slave threads.
Starting static elaboration
Completed static elaboration
INFO: [XSIM 43-4323] No Change in HDL. Linking previously generated obj files to create kernel
INFO: [USF-XSim-69] 'elaborate' step finished in '2' seconds
Vivado Simulator 2018.3
Time resolution is 1 ps
relaunch_sim: Time (s): cpu = 00:00:01 ; elapsed = 00:00:07 . Memory (MB): peak = 816.188 ; gain = 0.000
current_wave_config {Untitled 1}
Untitled 1
add_wave {{/TB/UTT/divisor/Q}} 
relaunch_sim
INFO: [Vivado 12-5682] Launching behavioral simulation in 'C:/Users/jabid/Documents/Universidad/Tarea/pwm/pwm.sim/sim_1/behav/xsim'
INFO: [SIM-utils-51] Simulation object is 'sim_1'
INFO: [SIM-utils-54] Inspecting design source files for 'TB' in fileset 'sim_1'...
INFO: [USF-XSim-97] Finding global include files...
INFO: [USF-XSim-98] Fetching design files from 'sim_1'...
INFO: [USF-XSim-2] XSim::Compile design
INFO: [USF-XSim-61] Executing 'COMPILE and ANALYZE' step in 'C:/Users/jabid/Documents/Universidad/Tarea/pwm/pwm.sim/sim_1/behav/xsim'
"xvhdl --incr --relax -prj TB_vhdl.prj"
INFO: [USF-XSim-69] 'compile' step finished in '1' seconds
INFO: [Vivado 12-5682] Launching behavioral simulation in 'C:/Users/jabid/Documents/Universidad/Tarea/pwm/pwm.sim/sim_1/behav/xsim'
INFO: [USF-XSim-3] XSim::Elaborate design
INFO: [USF-XSim-61] Executing 'ELABORATE' step in 'C:/Users/jabid/Documents/Universidad/Tarea/pwm/pwm.sim/sim_1/behav/xsim'
Vivado Simulator 2018.3
Copyright 1986-1999, 2001-2018 Xilinx, Inc. All Rights Reserved.
Running: C:/Xilinx/Vivado/2018.3/bin/unwrapped/win64.o/xelab.exe -wto 9877b16bb17040c381389188c2f00c5b --incr --debug typical --relax --mt 2 -L xil_defaultlib -L secureip --snapshot TB_behav xil_defaultlib.TB -log elaborate.log 
Using 2 slave threads.
Starting static elaboration
Completed static elaboration
INFO: [XSIM 43-4323] No Change in HDL. Linking previously generated obj files to create kernel
INFO: [USF-XSim-69] 'elaborate' step finished in '3' seconds
Vivado Simulator 2018.3
Time resolution is 1 ps
relaunch_sim: Time (s): cpu = 00:00:01 ; elapsed = 00:00:08 . Memory (MB): peak = 820.262 ; gain = 0.000
relaunch_sim
INFO: [Vivado 12-5682] Launching behavioral simulation in 'C:/Users/jabid/Documents/Universidad/Tarea/pwm/pwm.sim/sim_1/behav/xsim'
INFO: [SIM-utils-51] Simulation object is 'sim_1'
INFO: [SIM-utils-54] Inspecting design source files for 'TB' in fileset 'sim_1'...
INFO: [USF-XSim-97] Finding global include files...
INFO: [USF-XSim-98] Fetching design files from 'sim_1'...
INFO: [USF-XSim-2] XSim::Compile design
INFO: [USF-XSim-61] Executing 'COMPILE and ANALYZE' step in 'C:/Users/jabid/Documents/Universidad/Tarea/pwm/pwm.sim/sim_1/behav/xsim'
"xvhdl --incr --relax -prj TB_vhdl.prj"
INFO: [VRFC 10-163] Analyzing VHDL file "C:/Users/jabid/Documents/Universidad/Tarea/pwm/pwm.srcs/sources_1/new/div.vhd" into library xil_defaultlib
INFO: [VRFC 10-3107] analyzing entity 'Div_1M'
INFO: [USF-XSim-69] 'compile' step finished in '2' seconds
INFO: [Vivado 12-5682] Launching behavioral simulation in 'C:/Users/jabid/Documents/Universidad/Tarea/pwm/pwm.sim/sim_1/behav/xsim'
INFO: [USF-XSim-3] XSim::Elaborate design
INFO: [USF-XSim-61] Executing 'ELABORATE' step in 'C:/Users/jabid/Documents/Universidad/Tarea/pwm/pwm.sim/sim_1/behav/xsim'
Vivado Simulator 2018.3
Copyright 1986-1999, 2001-2018 Xilinx, Inc. All Rights Reserved.
Running: C:/Xilinx/Vivado/2018.3/bin/unwrapped/win64.o/xelab.exe -wto 9877b16bb17040c381389188c2f00c5b --incr --debug typical --relax --mt 2 -L xil_defaultlib -L secureip --snapshot TB_behav xil_defaultlib.TB -log elaborate.log 
Using 2 slave threads.
Starting static elaboration
Completed static elaboration
Starting simulation data flow analysis
Completed simulation data flow analysis
Time Resolution for simulation is 1ps
Compiling package std.standard
Compiling package std.textio
Compiling package ieee.std_logic_1164
Compiling package ieee.numeric_std
Compiling architecture behavioral of entity xil_defaultlib.Cont [cont_default]
Compiling architecture behavioral of entity xil_defaultlib.Div_1M [div_1m_default]
Compiling architecture behavioral of entity xil_defaultlib.main [main_default]
Compiling architecture behavioral of entity xil_defaultlib.tb
Built simulation snapshot TB_behav
INFO: [USF-XSim-69] 'elaborate' step finished in '3' seconds
Vivado Simulator 2018.3
Time resolution is 1 ps
relaunch_sim: Time (s): cpu = 00:00:00 ; elapsed = 00:00:08 . Memory (MB): peak = 820.262 ; gain = 0.000
relaunch_sim
INFO: [Vivado 12-5682] Launching behavioral simulation in 'C:/Users/jabid/Documents/Universidad/Tarea/pwm/pwm.sim/sim_1/behav/xsim'
INFO: [SIM-utils-51] Simulation object is 'sim_1'
INFO: [SIM-utils-54] Inspecting design source files for 'TB' in fileset 'sim_1'...
INFO: [USF-XSim-97] Finding global include files...
INFO: [USF-XSim-98] Fetching design files from 'sim_1'...
INFO: [USF-XSim-2] XSim::Compile design
INFO: [USF-XSim-61] Executing 'COMPILE and ANALYZE' step in 'C:/Users/jabid/Documents/Universidad/Tarea/pwm/pwm.sim/sim_1/behav/xsim'
"xvhdl --incr --relax -prj TB_vhdl.prj"
INFO: [VRFC 10-163] Analyzing VHDL file "C:/Users/jabid/Documents/Universidad/Tarea/pwm/pwm.srcs/sim_1/new/TB.vhd" into library xil_defaultlib
INFO: [VRFC 10-3107] analyzing entity 'TB'
INFO: [USF-XSim-69] 'compile' step finished in '2' seconds
INFO: [Vivado 12-5682] Launching behavioral simulation in 'C:/Users/jabid/Documents/Universidad/Tarea/pwm/pwm.sim/sim_1/behav/xsim'
INFO: [USF-XSim-3] XSim::Elaborate design
INFO: [USF-XSim-61] Executing 'ELABORATE' step in 'C:/Users/jabid/Documents/Universidad/Tarea/pwm/pwm.sim/sim_1/behav/xsim'
Vivado Simulator 2018.3
Copyright 1986-1999, 2001-2018 Xilinx, Inc. All Rights Reserved.
Running: C:/Xilinx/Vivado/2018.3/bin/unwrapped/win64.o/xelab.exe -wto 9877b16bb17040c381389188c2f00c5b --incr --debug typical --relax --mt 2 -L xil_defaultlib -L secureip --snapshot TB_behav xil_defaultlib.TB -log elaborate.log 
Using 2 slave threads.
Starting static elaboration
Completed static elaboration
Starting simulation data flow analysis
Completed simulation data flow analysis
Time Resolution for simulation is 1ps
Compiling package std.standard
Compiling package std.textio
Compiling package ieee.std_logic_1164
Compiling package ieee.numeric_std
Compiling architecture behavioral of entity xil_defaultlib.Cont [cont_default]
Compiling architecture behavioral of entity xil_defaultlib.Div_1M [div_1m_default]
Compiling architecture behavioral of entity xil_defaultlib.main [main_default]
Compiling architecture behavioral of entity xil_defaultlib.tb
Built simulation snapshot TB_behav
INFO: [USF-XSim-69] 'elaborate' step finished in '4' seconds
Vivado Simulator 2018.3
Time resolution is 1 ps
relaunch_sim: Time (s): cpu = 00:00:01 ; elapsed = 00:00:09 . Memory (MB): peak = 823.191 ; gain = 0.000
