#-----------------------------------------------------------
# Vivado v2018.3 (64-bit)
# SW Build 2405991 on Thu Dec  6 23:38:27 MST 2018
# IP Build 2404404 on Fri Dec  7 01:43:56 MST 2018
# Start of session at: Fri Mar 12 06:39:20 2021
# Process ID: 23308
# Current directory: C:/Users/jabid/Documents/Universidad/Tarea/pwm
# Command line: vivado.exe -gui_launcher_event rodinguilauncherevent20708 C:\Users\jabid\Documents\Universidad\Tarea\pwm\pwm.xpr
# Log file: C:/Users/jabid/Documents/Universidad/Tarea/pwm/vivado.log
# Journal file: C:/Users/jabid/Documents/Universidad/Tarea/pwm\vivado.jou
#-----------------------------------------------------------
start_gui
open_project C:/Users/jabid/Documents/Universidad/Tarea/pwm/pwm.xpr
Scanning sources...
Finished scanning sources
INFO: [IP_Flow 19-234] Refreshing IP repositories
INFO: [IP_Flow 19-1704] No user IP repositories specified
INFO: [IP_Flow 19-2313] Loaded Vivado IP repository 'C:/Xilinx/Vivado/2018.3/data/ip'.
open_project: Time (s): cpu = 00:00:19 ; elapsed = 00:00:40 . Memory (MB): peak = 728.117 ; gain = 161.469
update_compile_order -fileset sources_1
exit
INFO: [Common 17-206] Exiting Vivado at Fri Mar 12 06:56:07 2021...
